###############################################################################
#
# IAR ANSI C/C++ Compiler V7.50.2.10312/W32 for ARM       24/Mar/2017  12:54:54
# Copyright 1999-2015 IAR Systems AB.
#
#    Cpu mode     =  thumb
#    Endian       =  little
#    Source file  =  
#        G:\emb_pj\CS_Demo\demo3\cs_pr_a\Device-2.12.x.y\working
#        files\v_A_shm\BaseInPoint.cpp
#    Command line =  
#        "G:\emb_pj\CS_Demo\demo3\cs_pr_a\Device-2.12.x.y\working
#        files\v_A_shm\BaseInPoint.cpp" -D USE_STDPERIPH_DRIVER -D STM32F2XX -D
#        USE_USB_OTG_FS -D SYSTEM_VIEWER_ENABLE -lc
#        "G:\emb_pj\CS_Demo\demo3\cs_pr_a\Device-2.12.x.y\project
#        files\v.12.x.y\Flash-Debug\List" -lB
#        "G:\emb_pj\CS_Demo\demo3\cs_pr_a\Device-2.12.x.y\project
#        files\v.12.x.y\Flash-Debug\List" --remarks -o
#        "G:\emb_pj\CS_Demo\demo3\cs_pr_a\Device-2.12.x.y\project
#        files\v.12.x.y\Flash-Debug\Obj" --no_cse --no_unroll --no_inline
#        --no_code_motion --no_tbaa --no_clustering --no_scheduling --debug
#        --endian=little --cpu=Cortex-M3 -e --enable_multibytes --fpu=None
#        --dlib_config G:\PRG\IAR7_50_2\arm\INC\c\DLib_Config_Full.h -I
#        "G:\emb_pj\CS_Demo\demo3\cs_pr_a\Device-2.12.x.y\project
#        files\v.12.x.y\..\..\working files\inc\" -I
#        "G:\emb_pj\CS_Demo\demo3\cs_pr_a\Device-2.12.x.y\project
#        files\v.12.x.y\..\..\working files\usb\" -I
#        "G:\emb_pj\CS_Demo\demo3\cs_pr_a\Device-2.12.x.y\project
#        files\v.12.x.y\..\..\Libraries\CMSIS\Device\ST\STM32F2xx\Include\" -I
#        "G:\emb_pj\CS_Demo\demo3\cs_pr_a\Device-2.12.x.y\project
#        files\v.12.x.y\..\..\Libraries\STM32F2xx_StdPeriph_Driver\inc\" -I
#        "G:\emb_pj\CS_Demo\demo3\cs_pr_a\Device-2.12.x.y\project
#        files\v.12.x.y\..\..\Libraries\STM32_USB_OTG_Driver\inc\" -I
#        "G:\emb_pj\CS_Demo\demo3\cs_pr_a\Device-2.12.x.y\project
#        files\v.12.x.y\..\..\Libraries\STM32_USB_Device_Library\Core\inc\" -I
#        "G:\emb_pj\CS_Demo\demo3\cs_pr_a\Device-2.12.x.y\project
#        files\v.12.x.y\..\..\Libraries\STM32_USB_Device_Library\Class\cdc\inc\"
#        -I "G:\emb_pj\CS_Demo\demo3\cs_pr_a\Device-2.12.x.y\project
#        files\v.12.x.y\..\..\SystemView\Config\" -I
#        "G:\emb_pj\CS_Demo\demo3\cs_pr_a\Device-2.12.x.y\project
#        files\v.12.x.y\..\..\SystemView\OS\" -I
#        "G:\emb_pj\CS_Demo\demo3\cs_pr_a\Device-2.12.x.y\project
#        files\v.12.x.y\..\..\SystemView\SEGGER\" -On --eec++ -I
#        G:\PRG\IAR7_50_2\arm\CMSIS\Include\ -D ARM_MATH_CM3
#    List file    =  
#        G:\emb_pj\CS_Demo\demo3\cs_pr_a\Device-2.12.x.y\project
#        files\v.12.x.y\Flash-Debug\List\BaseInPoint.lst
#    Object file  =  
#        G:\emb_pj\CS_Demo\demo3\cs_pr_a\Device-2.12.x.y\project
#        files\v.12.x.y\Flash-Debug\Obj\BaseInPoint.o
#
###############################################################################

G:\emb_pj\CS_Demo\demo3\cs_pr_a\Device-2.12.x.y\working files\v_A_shm\BaseInPoint.cpp
      1          #ifdef VISUAL_STUDIO
      2          #include "StdAfx.h"
      3          #endif
      4          #include "BaseInPoint.h"
      5          
      6           short shOrdNumBaseInPoint = 0;
      7          BaseInPoint::BaseInPoint(void)
      8          {
      9          	chMaxIteratoin = 0;
     10          	chIteration    = 0;
     11          	chState        = 0;
     12          	chReqCalc      = 0;
     13          	shOrderNumber  = 0;
     14          	
     15          }
     16          //Copy constructor
     17          BaseInPoint::BaseInPoint(BaseInPoint&cl)
     18          {
     19          	chMaxIteratoin = cl.chMaxIteratoin;
     20          	chIteration    = cl.chIteration   ;
     21          	chState        = cl.chState       ;
     22          	chReqCalc      = cl.chReqCalc     ;
     23          	shOrderNumber  = ++shOrdNumBaseInPoint;
     24          }
     25          BaseInPoint::BaseInPoint(char chM = 0,char chI = 0,char chS = 0,char chR =0)
     26          {
     27          	chMaxIteratoin = chM;
     28          	chIteration    = chI;
     29          	chState        = chS;
     30          	chReqCalc      = chR;
     31          	shOrderNumber  = ++shOrdNumBaseInPoint;
     32          }
     33          //Copy assignment
     34          BaseInPoint& BaseInPoint::operator= (const BaseInPoint&cl)
     35          {
     36          	chMaxIteratoin = cl.chMaxIteratoin;
     37          	chIteration    = cl.chIteration   ;
     38          	chState        = cl.chState       ;
     39          	chReqCalc      = cl.chReqCalc     ;
     40          	shOrderNumber  = ++shOrdNumBaseInPoint;
     41          	return *this;
     42          }
     43          
     44          //Move constructor
     45          
     46          //Move assignment
     47          
     48          BaseInPoint::~BaseInPoint(void)
     49          {
     50          }

   Maximum stack usage in bytes:

   .cstack Function
   ------- --------
       0   BaseInPoint::BaseInPoint()
       0   BaseInPoint::BaseInPoint(BaseInPoint &)
      12   BaseInPoint::BaseInPoint(char, char, char, char)
       0   BaseInPoint::operator=(BaseInPoint const &)
       8   BaseInPoint::subobject BaseInPoint()
         8   -> BaseInPoint::BaseInPoint()
       8   BaseInPoint::subobject BaseInPoint(BaseInPoint &)
         8   -> BaseInPoint::BaseInPoint(BaseInPoint &)
      16   BaseInPoint::subobject BaseInPoint(char, char, char, char)
        16   -> BaseInPoint::BaseInPoint(char, char, char, char)
       8   BaseInPoint::subobject ~BaseInPoint()
         8   -> BaseInPoint::~BaseInPoint()
       0   BaseInPoint::~BaseInPoint()


   Section sizes:

   Bytes  Function/Label
   -----  --------------
       4  ??DataTable2
      22  BaseInPoint::BaseInPoint()
      34  BaseInPoint::BaseInPoint(BaseInPoint &)
      32  BaseInPoint::BaseInPoint(char, char, char, char)
      34  BaseInPoint::operator=(BaseInPoint const &)
      12  BaseInPoint::subobject BaseInPoint()
      12  BaseInPoint::subobject BaseInPoint(BaseInPoint &)
      26  BaseInPoint::subobject BaseInPoint(char, char, char, char)
      12  BaseInPoint::subobject ~BaseInPoint()
       2  BaseInPoint::~BaseInPoint()
       2  shOrdNumBaseInPoint

 
   2 bytes in section .bss
 190 bytes in section .text
 
 190 bytes of CODE memory
   2 bytes of DATA memory

Errors: none
Warnings: none
