###############################################################################
#
# IAR ANSI C/C++ Compiler V7.50.2.10312/W32 for ARM       24/Mar/2017  12:54:55
# Copyright 1999-2015 IAR Systems AB.
#
#    Cpu mode     =  thumb
#    Endian       =  little
#    Source file  =  
#        G:\emb_pj\CS_Demo\demo3\cs_pr_a\Device-2.12.x.y\working
#        files\v_A_shm\LUBase.cpp
#    Command line =  
#        "G:\emb_pj\CS_Demo\demo3\cs_pr_a\Device-2.12.x.y\working
#        files\v_A_shm\LUBase.cpp" -D USE_STDPERIPH_DRIVER -D STM32F2XX -D
#        USE_USB_OTG_FS -D SYSTEM_VIEWER_ENABLE -lc
#        "G:\emb_pj\CS_Demo\demo3\cs_pr_a\Device-2.12.x.y\project
#        files\v.12.x.y\Flash-Debug\List" -lB
#        "G:\emb_pj\CS_Demo\demo3\cs_pr_a\Device-2.12.x.y\project
#        files\v.12.x.y\Flash-Debug\List" --remarks -o
#        "G:\emb_pj\CS_Demo\demo3\cs_pr_a\Device-2.12.x.y\project
#        files\v.12.x.y\Flash-Debug\Obj" --no_cse --no_unroll --no_inline
#        --no_code_motion --no_tbaa --no_clustering --no_scheduling --debug
#        --endian=little --cpu=Cortex-M3 -e --enable_multibytes --fpu=None
#        --dlib_config G:\PRG\IAR7_50_2\arm\INC\c\DLib_Config_Full.h -I
#        "G:\emb_pj\CS_Demo\demo3\cs_pr_a\Device-2.12.x.y\project
#        files\v.12.x.y\..\..\working files\inc\" -I
#        "G:\emb_pj\CS_Demo\demo3\cs_pr_a\Device-2.12.x.y\project
#        files\v.12.x.y\..\..\working files\usb\" -I
#        "G:\emb_pj\CS_Demo\demo3\cs_pr_a\Device-2.12.x.y\project
#        files\v.12.x.y\..\..\Libraries\CMSIS\Device\ST\STM32F2xx\Include\" -I
#        "G:\emb_pj\CS_Demo\demo3\cs_pr_a\Device-2.12.x.y\project
#        files\v.12.x.y\..\..\Libraries\STM32F2xx_StdPeriph_Driver\inc\" -I
#        "G:\emb_pj\CS_Demo\demo3\cs_pr_a\Device-2.12.x.y\project
#        files\v.12.x.y\..\..\Libraries\STM32_USB_OTG_Driver\inc\" -I
#        "G:\emb_pj\CS_Demo\demo3\cs_pr_a\Device-2.12.x.y\project
#        files\v.12.x.y\..\..\Libraries\STM32_USB_Device_Library\Core\inc\" -I
#        "G:\emb_pj\CS_Demo\demo3\cs_pr_a\Device-2.12.x.y\project
#        files\v.12.x.y\..\..\Libraries\STM32_USB_Device_Library\Class\cdc\inc\"
#        -I "G:\emb_pj\CS_Demo\demo3\cs_pr_a\Device-2.12.x.y\project
#        files\v.12.x.y\..\..\SystemView\Config\" -I
#        "G:\emb_pj\CS_Demo\demo3\cs_pr_a\Device-2.12.x.y\project
#        files\v.12.x.y\..\..\SystemView\OS\" -I
#        "G:\emb_pj\CS_Demo\demo3\cs_pr_a\Device-2.12.x.y\project
#        files\v.12.x.y\..\..\SystemView\SEGGER\" -On --eec++ -I
#        G:\PRG\IAR7_50_2\arm\CMSIS\Include\ -D ARM_MATH_CM3
#    List file    =  
#        G:\emb_pj\CS_Demo\demo3\cs_pr_a\Device-2.12.x.y\project
#        files\v.12.x.y\Flash-Debug\List\LUBase.lst
#    Object file  =  
#        G:\emb_pj\CS_Demo\demo3\cs_pr_a\Device-2.12.x.y\project
#        files\v.12.x.y\Flash-Debug\Obj\LUBase.o
#
###############################################################################

G:\emb_pj\CS_Demo\demo3\cs_pr_a\Device-2.12.x.y\working files\v_A_shm\LUBase.cpp
      1          #ifdef VISUAL_STUDIO
      2          #include "StdAfx.h"
      3          #endif
      4          #include "LUBase.h"
      5          #include "BaseInPoint.h"
      6          #include "InPoint.h"
      7          #include "ExtPoint.h"
      8          #include "Shematic.h"
      9          
     10          CLUBase::CLUBase(void)
     11          {
     12          	chMaxIteratoin = 10;
     13          	chIteration = 0;
     14          	chNumInput  = static_cast<char>(0);
     15          	chNumOutput = 0;
     16          	chTypeLogicFunction = LU_OP_NULL;
     17          	shShemasIdLUStng   = 0;
     18          	shShemasOrdNumStng = 0;
     19          	shLUBieldOrdNum    = 0;
     20          	chLinkSetOn = 0;
     21          	LogicFunc  = Null_OP;
     22          	//shOrderNumberCLUBase
     23          	pOut = static_cast<void*>(0);//(void*)0;
     24          	pIn  = static_cast<void*>(0);//(void*)0;
     25          } 
     26          extern LUAreaAuxVar gblLUAreaAuxVar;
     27          void CLUBase::SetOrderNumber(void){
     28          	shLUBieldOrdNum = static_cast<short>(++gblLUAreaAuxVar.shAmountPlacedLogicUnit);
     29          	
     30          }
     31          
     32          CLUBase::~CLUBase(void)
     33          {
     34          
     35          }
     36          
     37          void AND_Op(void *pObj)
                                   ^
Remark[Pe826]: parameter "pObj" was never referenced
     38          {
     39          
     40          }
     41          void OR__Op(void *pObj)
                                   ^
Remark[Pe826]: parameter "pObj" was never referenced
     42          {
     43          
     44          }
     45          void XOR_Op(void *pObj)
                                   ^
Remark[Pe826]: parameter "pObj" was never referenced
     46          {
     47          
     48          }
     49          
     50          void Meandr_Op(void *pObj)
                                      ^
Remark[Pe826]: parameter "pObj" was never referenced
     51          {
     52          
     53          }
     54          
     55          void Null_OP(void *pObj)
                                    ^
Remark[Pe826]: parameter "pObj" was never referenced
     56          {
     57          
     58          }
     59          void NOT_Op(void *pObj)
                                   ^
Remark[Pe826]: parameter "pObj" was never referenced
     60          {
     61          
     62          }

   Maximum stack usage in bytes:

   .cstack Function
   ------- --------
       0   AND_Op(void *)
       0   CLUBase::CLUBase()
       0   CLUBase::SetOrderNumber()
       8   CLUBase::subobject CLUBase()
         8   -> CLUBase::CLUBase()
       8   CLUBase::subobject ~CLUBase()
         8   -> CLUBase::~CLUBase()
       0   CLUBase::~CLUBase()
       0   Meandr_Op(void *)
       0   NOT_Op(void *)
       0   Null_OP(void *)
       0   OR__Op(void *)
       0   XOR_Op(void *)


   Section sizes:

   Bytes  Function/Label
   -----  --------------
       4  ??DataTable0
       2  AND_Op(void *)
      52  CLUBase::CLUBase()
      18  CLUBase::SetOrderNumber()
      12  CLUBase::subobject CLUBase()
      12  CLUBase::subobject ~CLUBase()
       2  CLUBase::~CLUBase()
       2  Meandr_Op(void *)
       2  NOT_Op(void *)
       2  Null_OP(void *)
       2  OR__Op(void *)
       2  XOR_Op(void *)

 
 112 bytes in section .text
 
 112 bytes of CODE memory

Errors: none
Warnings: none
