###############################################################################
#
# IAR ANSI C/C++ Compiler V7.50.2.10312/W32 for ARM       24/Mar/2017  12:54:56
# Copyright 1999-2015 IAR Systems AB.
#
#    Cpu mode     =  thumb
#    Endian       =  little
#    Source file  =  
#        G:\emb_pj\CS_Demo\demo3\cs_pr_a\Device-2.12.x.y\working
#        files\v_A_shm\LUBGS.cpp
#    Command line =  
#        "G:\emb_pj\CS_Demo\demo3\cs_pr_a\Device-2.12.x.y\working
#        files\v_A_shm\LUBGS.cpp" -D USE_STDPERIPH_DRIVER -D STM32F2XX -D
#        USE_USB_OTG_FS -D SYSTEM_VIEWER_ENABLE -lc
#        "G:\emb_pj\CS_Demo\demo3\cs_pr_a\Device-2.12.x.y\project
#        files\v.12.x.y\Flash-Debug\List" -lB
#        "G:\emb_pj\CS_Demo\demo3\cs_pr_a\Device-2.12.x.y\project
#        files\v.12.x.y\Flash-Debug\List" --remarks -o
#        "G:\emb_pj\CS_Demo\demo3\cs_pr_a\Device-2.12.x.y\project
#        files\v.12.x.y\Flash-Debug\Obj" --no_cse --no_unroll --no_inline
#        --no_code_motion --no_tbaa --no_clustering --no_scheduling --debug
#        --endian=little --cpu=Cortex-M3 -e --enable_multibytes --fpu=None
#        --dlib_config G:\PRG\IAR7_50_2\arm\INC\c\DLib_Config_Full.h -I
#        "G:\emb_pj\CS_Demo\demo3\cs_pr_a\Device-2.12.x.y\project
#        files\v.12.x.y\..\..\working files\inc\" -I
#        "G:\emb_pj\CS_Demo\demo3\cs_pr_a\Device-2.12.x.y\project
#        files\v.12.x.y\..\..\working files\usb\" -I
#        "G:\emb_pj\CS_Demo\demo3\cs_pr_a\Device-2.12.x.y\project
#        files\v.12.x.y\..\..\Libraries\CMSIS\Device\ST\STM32F2xx\Include\" -I
#        "G:\emb_pj\CS_Demo\demo3\cs_pr_a\Device-2.12.x.y\project
#        files\v.12.x.y\..\..\Libraries\STM32F2xx_StdPeriph_Driver\inc\" -I
#        "G:\emb_pj\CS_Demo\demo3\cs_pr_a\Device-2.12.x.y\project
#        files\v.12.x.y\..\..\Libraries\STM32_USB_OTG_Driver\inc\" -I
#        "G:\emb_pj\CS_Demo\demo3\cs_pr_a\Device-2.12.x.y\project
#        files\v.12.x.y\..\..\Libraries\STM32_USB_Device_Library\Core\inc\" -I
#        "G:\emb_pj\CS_Demo\demo3\cs_pr_a\Device-2.12.x.y\project
#        files\v.12.x.y\..\..\Libraries\STM32_USB_Device_Library\Class\cdc\inc\"
#        -I "G:\emb_pj\CS_Demo\demo3\cs_pr_a\Device-2.12.x.y\project
#        files\v.12.x.y\..\..\SystemView\Config\" -I
#        "G:\emb_pj\CS_Demo\demo3\cs_pr_a\Device-2.12.x.y\project
#        files\v.12.x.y\..\..\SystemView\OS\" -I
#        "G:\emb_pj\CS_Demo\demo3\cs_pr_a\Device-2.12.x.y\project
#        files\v.12.x.y\..\..\SystemView\SEGGER\" -On --eec++ -I
#        G:\PRG\IAR7_50_2\arm\CMSIS\Include\ -D ARM_MATH_CM3
#    List file    =  
#        G:\emb_pj\CS_Demo\demo3\cs_pr_a\Device-2.12.x.y\project
#        files\v.12.x.y\Flash-Debug\List\LUBGS.lst
#    Object file  =  
#        G:\emb_pj\CS_Demo\demo3\cs_pr_a\Device-2.12.x.y\project
#        files\v.12.x.y\Flash-Debug\Obj\LUBGS.o
#
###############################################################################

G:\emb_pj\CS_Demo\demo3\cs_pr_a\Device-2.12.x.y\working files\v_A_shm\LUBGS.cpp
      1          
      2          #include "LUBGS.hpp"
      3          #include "../inc/constants.h"

    NO_MATTER_PARAMS_FIX_CHANGES,
                                ^
"G:\emb_pj\CS_Demo\demo3\cs_pr_a\Device-2.12.x.y\working files\inc\const_global.h",44  Remark[Pe228]: 
          trailing comma is nonstandard

  ERROR_INTERNAL_FLASH_BIT,
                          ^
"G:\emb_pj\CS_Demo\demo3\cs_pr_a\Device-2.12.x.y\working files\inc\const_menu2_diagnostyka.h",64  Remark[Pe228]: 
          trailing comma is nonstandard

    TASK_RESET_OF_RTC_BIT,
                         ^
"G:\emb_pj\CS_Demo\demo3\cs_pr_a\Device-2.12.x.y\working files\inc\const_eeprom_rtc.h",87  Remark[Pe228]: 
          trailing comma is nonstandard
      4          
      5          #include <stdbool.h>
      6          #include <math.h>
      7          //#include <arm_math.h>
      8          #include <stdlib.h>
      9          #include "stm32f2xx.h"
     10          #include "hw_config.h"
     11          #include "../inc/macroses.h"
     12          #include "../inc/type_definition.h"

    RPEDE_DATA_CHANGED_WRONG_RETURN_BAD,
                                       ^
"G:\emb_pj\CS_Demo\demo3\cs_pr_a\Device-2.12.x.y\working files\inc\type_definition.h",26  Remark[Pe228]: 
          trailing comma is nonstandard
     13          #include "../inc/variables_external.h"//
     14          
     15          
     16          CBGSig::CBGSig(void):CLUBase()  {
     17          m_NodeTWait.lTmrVal  = 0;
     18          m_NodeTWait.next     = 0;
     19          m_NodeTReset.lTmrVal = 0;
     20          m_NodeTReset.next    = 0;
     21          
     22          m_BGSigSuit.chStateGS  = 0;
     23          m_BGSigSuit.chCheckBgs = 0;
     24          m_BGSigSuit.lTWait     = 0;
     25          m_BGSigSuit.lTReset    = 0;
     26          m_chLinkedTimers = 0; //Field bit
     27          m_chStateTWait   = 0;
     28          m_chStateTReset  = 0;
     29          m_lIfix = m_lMeasIti_mn_1 = 0;
     30          m_chNumberAnalogChanell = 0;
     31          }
     32          
     33          CBGSig::~CBGSig(void) {
     34          }
     35          
     36          CBGSig::CBGSig(char chM,char chI){
     37          	chMaxIteratoin = chM;
     38          	chIteration = chI;
     39          	
     40          chNumInput  = static_cast<char>(shCLUBGSig_x_y_AmtIn);//
     41          chNumOutput = static_cast<char>(shCLUBGSig_x_y_AmtOut);
     42          m_NodeTWait.lTmrVal  = 0;
     43          m_NodeTWait.next     = 0;
     44          m_NodeTReset.lTmrVal = 0;
     45          m_NodeTReset.next    = 0;
     46          
     47          m_BGSigSuit.chStateGS  = 0;
     48          m_BGSigSuit.chCheckBgs = 0;
     49          m_BGSigSuit.lTWait     = 0;
     50          m_BGSigSuit.lTReset    = 0;
     51          m_chLinkedTimers = 0; //Field bit
     52          m_chStateTWait   = 0;
     53          m_chStateTReset  = 0;
     54          
     55          
     56          }
     57          
     58          long CBGSig::LinkBGSigTimers(void) {
     59              register long i = 0;
     60              //Insert TpauseMft
     61              chGlSem++;
     62              
     63              if (PushTmrNode(&m_NodeTWait)) {//static_cast<void*>(
     64                  i++;
     65                  m_chLinkedTimers |= 2;
     66              }
     67              //Insert TdelayMft
     68              if (PushTmrNode(&m_NodeTReset)) {//static_cast<void*>(
     69                  i++;
     70                  m_chLinkedTimers |= 4;
     71              }
     72          
     73              chGlSem--;
     74              return i;
     75          }
     76          
     77          long CBGSig::lTWait(long lActivKey) {
     78          
     79              register long *plTmrVal = &m_NodeTWait.lTmrVal;
     80              if (lActivKey) {
     81          
     82          
     83          
     84          
     85          
     86              } else {
     87                  ;
     88          
     89                  *plTmrVal = 0; //m_NodeTpause.lTmrVal = 0;
     90              }
     91              return 0;
     92          }
     93          
     94          long CBGSig::lTReset(long lActivKey) {
     95              register long *plTmrVal = &m_NodeTReset.lTmrVal;
     96              if (lActivKey) {
     97          
     98          
     99          
    100          
    101              } else {
    102                  ;
    103          
    104                  *plTmrVal = 0; //m_NodeTpause.lTmrVal = 0;
    105              }
    106              return 0;
    107          }
    108          void CBGSig::UpdateCBGSig(void) {
    109          //Set Input parameters
    110          pIn = static_cast<void*>(arrPchIn);
    111          //Set OutPut parameters
    112          pOut = static_cast<void*>(arrOut);
    113          //LinkMftTimers();
    114          //pInit2LcVarArea->pCLUBase->shShemasIdLUStng =  STNG_LU_NOT;
    115          
    116          //Set Operation
    117          //Set Type Operation
    118          }
    119          void BGSig_Op(void *pObj) {
    120              CBGSig& rCBGSig = *(static_cast<CBGSig*> (pObj));
    121              asm(
    122                          "bkpt 1"
    123                          );
    124              rCBGSig.CalcBusGrSigSchematic();
    125          }
    126          
    127          #include "LUBgsp1.cpp"
    128          static char chGLB_DTrg = 0;
    129          void CBGSig::CalcBusGrSigSchematic(void){
    130          register long rl_Val,i;
                               ^
Warning[Pe177]: variable "rl_Val" was declared but never referenced

  register long rl_Val,i;
                       ^
"G:\emb_pj\CS_Demo\demo3\cs_pr_a\Device-2.12.x.y\working files\v_A_shm\LUBGS.cpp",130  Warning[Pe550]: 
          variable "i" was set but never used
    131          
    132          #pragma data_alignment=4
    133          char arChIntermediaResult[(TOTAL_BGS_LU)];
                      ^
Warning[Pe177]: variable "arChIntermediaResult" was declared but never
          referenced
    134          i = EvalDeltaIbus();
    135          //if( i == 1 && (arChIntermediaResult[StoreIfixTimeFix_1]) == 0)
    136          //m_lIfix = 
    137          }
    138          //long Ibus, long lTinterval
    139          long CBGSig::EvalDeltaIbus(void) {
    140              register long i, j,Iti;
    141              //Kc = Ucurr_power/Unom_power
    142              //Num Analog Chanel
    143              Iti = measurement[m_chNumberAnalogChanell];
    144              if (Iti > m_lMeasIti_mn_1) {
    145                  j = Iti - m_lMeasIti_mn_1;
    146              } else {
    147                  j = m_lMeasIti_mn_1 - Iti;
    148              }
    149              i = (m_BGSigSuit.lIust * measurement[4]) / lU_NOM;
    150          	
    151              if (j > i){
    152                  m_lIfix = m_lMeasIti_mn_1;
    153                  i = 1;
    154                  }
    155          	else i = 0;
    156          	m_lMeasIti_mn_1 = Iti;
    157          	
    158          
    159              return i;
    160          }
    161          // long CBGSig::StoreIfixTimeFix(long lTime, long lIbus, long lActive) {
    162          // register long i;
    163          
    164          //     return 0;
    165          // }
    166          long CBGSig::EvalDeltaIbusFix(long Ibus, long Ifix, long lActive){
                                                    ^
Remark[Pe826]: parameter "Ibus" was never referenced

  long CBGSig::EvalDeltaIbusFix(long Ibus, long Ifix, long lActive){
                                                ^
"G:\emb_pj\CS_Demo\demo3\cs_pr_a\Device-2.12.x.y\working files\v_A_shm\LUBGS.cpp",166  Remark[Pe826]: 
          parameter "Ifix" was never referenced

  long CBGSig::EvalDeltaIbusFix(long Ibus, long Ifix, long lActive){
                                                           ^
"G:\emb_pj\CS_Demo\demo3\cs_pr_a\Device-2.12.x.y\working files\v_A_shm\LUBGS.cpp",166  Remark[Pe826]: 
          parameter "lActive" was never referenced
    167          register long i;
                               ^
Warning[Pe177]: variable "i" was declared but never referenced
    168          
    169              return 0;
    170          }
    171          long CBGSig::EvalIptp (long lI, long lT, long lActive){
                                             ^
Remark[Pe826]: parameter "lI" was never referenced

  long CBGSig::EvalIptp (long lI, long lT, long lActive){
                                       ^
"G:\emb_pj\CS_Demo\demo3\cs_pr_a\Device-2.12.x.y\working files\v_A_shm\LUBGS.cpp",171  Remark[Pe826]: 
          parameter "lT" was never referenced

  long CBGSig::EvalIptp (long lI, long lT, long lActive){
                                                ^
"G:\emb_pj\CS_Demo\demo3\cs_pr_a\Device-2.12.x.y\working files\v_A_shm\LUBGS.cpp",171  Remark[Pe826]: 
          parameter "lActive" was never referenced
    172          register long i;
                               ^
Warning[Pe177]: variable "i" was declared but never referenced
    173          
    174              return 0;
    175          }
    176          long CBGSig::EvalIctc (long lI, long lT, long lActive){
                                             ^
Remark[Pe826]: parameter "lI" was never referenced

  long CBGSig::EvalIctc (long lI, long lT, long lActive){
                                       ^
"G:\emb_pj\CS_Demo\demo3\cs_pr_a\Device-2.12.x.y\working files\v_A_shm\LUBGS.cpp",176  Remark[Pe826]: 
          parameter "lT" was never referenced

  long CBGSig::EvalIctc (long lI, long lT, long lActive){
                                                ^
"G:\emb_pj\CS_Demo\demo3\cs_pr_a\Device-2.12.x.y\working files\v_A_shm\LUBGS.cpp",176  Remark[Pe826]: 
          parameter "lActive" was never referenced
    177          register long i;
                               ^
Warning[Pe177]: variable "i" was declared but never referenced
    178          
    179              return 0;
    180          }
    181          long CBGSig::EvalNNC_NCH(long lActivate){
                                               ^
Remark[Pe826]: parameter "lActivate" was never referenced
    182          register long i;
                               ^
Warning[Pe177]: variable "i" was declared but never referenced
    183          
    184              return 0;
    185          }
    186          long CBGSig::EvalNNP_NCH(long lActivate){
                                               ^
Remark[Pe826]: parameter "lActivate" was never referenced
    187          register long i;
                               ^
Warning[Pe177]: variable "i" was declared but never referenced
    188          
    189              return 0;
    190          }
    191          long CBGSig::EvalNNC_CH (long lActivate){
                                               ^
Remark[Pe826]: parameter "lActivate" was never referenced
    192          register long i;
                               ^
Warning[Pe177]: variable "i" was declared but never referenced
    193          
    194              return 0;
    195          }
    196          long CBGSig::EvalNNP_CH (long lActivate){
                                               ^
Remark[Pe826]: parameter "lActivate" was never referenced
    197          register long i;
                               ^
Warning[Pe177]: variable "i" was declared but never referenced
    198          
    199              return 0;
    200          }
    201          long CBGSig::EvalCE (long lActivate){
                                           ^
Remark[Pe826]: parameter "lActivate" was never referenced
    202          register long i;
                               ^
Warning[Pe177]: variable "i" was declared but never referenced
    203          
    204              return 0;
    205          }
    206          long CBGSig::EvalOC(void){
    207          register long i;
                               ^
Warning[Pe177]: variable "i" was declared but never referenced
    208          
    209              return 0;
    210          }
    211          
    212          long CBGSig::EvalNNP(long lNNC, long lNNP){
                                           ^
Remark[Pe826]: parameter "lNNC" was never referenced

  long CBGSig::EvalNNP(long lNNC, long lNNP){
                                       ^
"G:\emb_pj\CS_Demo\demo3\cs_pr_a\Device-2.12.x.y\working files\v_A_shm\LUBGS.cpp",212  Remark[Pe826]: 
          parameter "lNNP" was never referenced
    213          register long i;
                               ^
Warning[Pe177]: variable "i" was declared but never referenced
    214          
    215              return 0;
    216          }
    217          long CBGSig::EvalNNM(long lNNC, long lNNP){
                                           ^
Remark[Pe826]: parameter "lNNC" was never referenced

  long CBGSig::EvalNNM(long lNNC, long lNNP){
                                       ^
"G:\emb_pj\CS_Demo\demo3\cs_pr_a\Device-2.12.x.y\working files\v_A_shm\LUBGS.cpp",217  Remark[Pe826]: 
          parameter "lNNP" was never referenced
    218          register long i;
                               ^
Warning[Pe177]: variable "i" was declared but never referenced
    219          
    220              return 0;
    221          }
    222          long CBGSig::EvalNCC(long lNCC){
                                           ^
Remark[Pe826]: parameter "lNCC" was never referenced
    223          register long i;
                               ^
Warning[Pe177]: variable "i" was declared but never referenced

  static char chGLB_DTrg = 0;
              ^
"G:\emb_pj\CS_Demo\demo3\cs_pr_a\Device-2.12.x.y\working files\v_A_shm\LUBGS.cpp",128  Warning[Pe177]: 
          variable "chGLB_DTrg" was declared but never referenced
    224          
    225              return 0;
    226          }
    227          
    228          
    229          
    230          

   Maximum stack usage in bytes:

   .cstack Function
   ------- --------
       8   BGSig_Op(void *)
         8   -> CBGSig::CalcBusGrSigSchematic()
       8   CBGSig::CBGSig()
         8   -> CLUBase::subobject CLUBase()
      16   CBGSig::CBGSig(char, char)
        16   -> CLUBase::subobject CLUBase()
      16   CBGSig::CalcBusGrSigSchematic()
        16   -> CBGSig::EvalDeltaIbus()
       0   CBGSig::EvalCE(long)
       8   CBGSig::EvalDeltaIbus()
       4   CBGSig::EvalDeltaIbusFix(long, long, long)
       4   CBGSig::EvalIctc(long, long, long)
       4   CBGSig::EvalIptp(long, long, long)
       0   CBGSig::EvalNCC(long)
       0   CBGSig::EvalNNC_CH(long)
       0   CBGSig::EvalNNC_NCH(long)
       0   CBGSig::EvalNNM(long, long)
       0   CBGSig::EvalNNP(long, long)
       0   CBGSig::EvalNNP_CH(long)
       0   CBGSig::EvalNNP_NCH(long)
       0   CBGSig::EvalOC()
      16   CBGSig::LinkBGSigTimers()
        16   -> PushTmrNode
       0   CBGSig::UpdateCBGSig()
       0   CBGSig::lTReset(long)
       0   CBGSig::lTWait(long)
       8   CBGSig::subobject CBGSig()
         8   -> CBGSig::CBGSig()
       8   CBGSig::subobject CBGSig(char, char)
         8   -> CBGSig::CBGSig(char, char)
       8   CBGSig::subobject ~CBGSig()
         8   -> CBGSig::~CBGSig()
       8   CBGSig::~CBGSig()
         8   -> CLUBase::subobject ~CLUBase()


   Section sizes:

   Bytes  Function/Label
   -----  --------------
       4  ??DataTable1
       4  ??DataTable1_1
       4  ??DataTable1_2
      14  BGSig_Op(void *)
      74  CBGSig::CBGSig()
      78  CBGSig::CBGSig(char, char)
      14  CBGSig::CalcBusGrSigSchematic()
       6  CBGSig::EvalCE(long)
      74  CBGSig::EvalDeltaIbus()
      10  CBGSig::EvalDeltaIbusFix(long, long, long)
      10  CBGSig::EvalIctc(long, long, long)
      10  CBGSig::EvalIptp(long, long, long)
       6  CBGSig::EvalNCC(long)
       6  CBGSig::EvalNNC_CH(long)
       6  CBGSig::EvalNNC_NCH(long)
       6  CBGSig::EvalNNM(long, long)
       6  CBGSig::EvalNNP(long, long)
       6  CBGSig::EvalNNP_CH(long)
       6  CBGSig::EvalNNP_NCH(long)
       6  CBGSig::EvalOC()
      74  CBGSig::LinkBGSigTimers()
      14  CBGSig::UpdateCBGSig()
      18  CBGSig::lTReset(long)
      18  CBGSig::lTWait(long)
      12  CBGSig::subobject CBGSig()
      16  CBGSig::subobject CBGSig(char, char)
      12  CBGSig::subobject ~CBGSig()
      14  CBGSig::~CBGSig()

 
 528 bytes in section .text
 
 528 bytes of CODE memory

Errors: none
Warnings: 16
