###############################################################################
#
# IAR ANSI C/C++ Compiler V7.50.2.10312/W32 for ARM       24/Mar/2017  12:54:55
# Copyright 1999-2015 IAR Systems AB.
#
#    Cpu mode     =  thumb
#    Endian       =  little
#    Source file  =  
#        G:\emb_pj\CS_Demo\demo3\cs_pr_a\Device-2.12.x.y\working
#        files\v_A_shm\LUNot_1_1.cpp
#    Command line =  
#        "G:\emb_pj\CS_Demo\demo3\cs_pr_a\Device-2.12.x.y\working
#        files\v_A_shm\LUNot_1_1.cpp" -D USE_STDPERIPH_DRIVER -D STM32F2XX -D
#        USE_USB_OTG_FS -D SYSTEM_VIEWER_ENABLE -lc
#        "G:\emb_pj\CS_Demo\demo3\cs_pr_a\Device-2.12.x.y\project
#        files\v.12.x.y\Flash-Debug\List" -lB
#        "G:\emb_pj\CS_Demo\demo3\cs_pr_a\Device-2.12.x.y\project
#        files\v.12.x.y\Flash-Debug\List" --remarks -o
#        "G:\emb_pj\CS_Demo\demo3\cs_pr_a\Device-2.12.x.y\project
#        files\v.12.x.y\Flash-Debug\Obj" --no_cse --no_unroll --no_inline
#        --no_code_motion --no_tbaa --no_clustering --no_scheduling --debug
#        --endian=little --cpu=Cortex-M3 -e --enable_multibytes --fpu=None
#        --dlib_config G:\PRG\IAR7_50_2\arm\INC\c\DLib_Config_Full.h -I
#        "G:\emb_pj\CS_Demo\demo3\cs_pr_a\Device-2.12.x.y\project
#        files\v.12.x.y\..\..\working files\inc\" -I
#        "G:\emb_pj\CS_Demo\demo3\cs_pr_a\Device-2.12.x.y\project
#        files\v.12.x.y\..\..\working files\usb\" -I
#        "G:\emb_pj\CS_Demo\demo3\cs_pr_a\Device-2.12.x.y\project
#        files\v.12.x.y\..\..\Libraries\CMSIS\Device\ST\STM32F2xx\Include\" -I
#        "G:\emb_pj\CS_Demo\demo3\cs_pr_a\Device-2.12.x.y\project
#        files\v.12.x.y\..\..\Libraries\STM32F2xx_StdPeriph_Driver\inc\" -I
#        "G:\emb_pj\CS_Demo\demo3\cs_pr_a\Device-2.12.x.y\project
#        files\v.12.x.y\..\..\Libraries\STM32_USB_OTG_Driver\inc\" -I
#        "G:\emb_pj\CS_Demo\demo3\cs_pr_a\Device-2.12.x.y\project
#        files\v.12.x.y\..\..\Libraries\STM32_USB_Device_Library\Core\inc\" -I
#        "G:\emb_pj\CS_Demo\demo3\cs_pr_a\Device-2.12.x.y\project
#        files\v.12.x.y\..\..\Libraries\STM32_USB_Device_Library\Class\cdc\inc\"
#        -I "G:\emb_pj\CS_Demo\demo3\cs_pr_a\Device-2.12.x.y\project
#        files\v.12.x.y\..\..\SystemView\Config\" -I
#        "G:\emb_pj\CS_Demo\demo3\cs_pr_a\Device-2.12.x.y\project
#        files\v.12.x.y\..\..\SystemView\OS\" -I
#        "G:\emb_pj\CS_Demo\demo3\cs_pr_a\Device-2.12.x.y\project
#        files\v.12.x.y\..\..\SystemView\SEGGER\" -On --eec++ -I
#        G:\PRG\IAR7_50_2\arm\CMSIS\Include\ -D ARM_MATH_CM3
#    List file    =  
#        G:\emb_pj\CS_Demo\demo3\cs_pr_a\Device-2.12.x.y\project
#        files\v.12.x.y\Flash-Debug\List\LUNot_1_1.lst
#    Object file  =  
#        G:\emb_pj\CS_Demo\demo3\cs_pr_a\Device-2.12.x.y\project
#        files\v.12.x.y\Flash-Debug\Obj\LUNot_1_1.o
#
###############################################################################

G:\emb_pj\CS_Demo\demo3\cs_pr_a\Device-2.12.x.y\working files\v_A_shm\LUNot_1_1.cpp
      1          #ifdef VISUAL_STUDIO
      2          #include "StdAfx.h"
      3          #endif
      4          #include "LUNot_1_1.h"
      5          
      6          void NOT_Op_1_1    (void *pObj)
                                           ^
Remark[Pe826]: parameter "pObj" was never referenced
      7          {
      8          //CLUNot_1_1& refCLUNot_1_1 = pObj;
      9          //CLUNot_1_1 *pCLUNot_1_1 = (CLUNot_1_1*)pObj;
     10          
     11          }
     12          CLUNot_1_1::CLUNot_1_1(void):CLUBase()
     13          {
     14          }
     15          CLUNot_1_1::CLUNot_1_1(char chM,char chI)//,LUOutDsc* pLUOutDsc)
     16          {
     17          	chMaxIteratoin = chM;
     18          	chIteration = chI;
     19          	chNumInput  = static_cast<char>(shCLUNot_1_1_AmtIn); 
     20          	chNumOutput = static_cast<char>(shCLUNot_1_1_AmtOut);
     21          	chTypeLogicFunction = LU_OP_NOT;
     22          	LogicFunc  = NOT_Op;//???
     23          
     24          	//Set Input parameters
     25          	pIn = reinterpret_cast<void*>(arrPchIn);
     26          
     27          	//Set OutPut parameters
     28          	pOut = reinterpret_cast<void*>(arrOut);
     29          
     30          }
     31          CLUNot_1_1::~CLUNot_1_1(void)
     32          {
     33          }

   Maximum stack usage in bytes:

   .cstack Function
   ------- --------
       8   CLUNot_1_1::CLUNot_1_1()
         8   -> CLUBase::subobject CLUBase()
      16   CLUNot_1_1::CLUNot_1_1(char, char)
        16   -> CLUBase::subobject CLUBase()
       8   CLUNot_1_1::subobject CLUNot_1_1()
         8   -> CLUNot_1_1::CLUNot_1_1()
       8   CLUNot_1_1::subobject CLUNot_1_1(char, char)
         8   -> CLUNot_1_1::CLUNot_1_1(char, char)
       8   CLUNot_1_1::subobject ~CLUNot_1_1()
         8   -> CLUNot_1_1::~CLUNot_1_1()
       8   CLUNot_1_1::~CLUNot_1_1()
         8   -> CLUBase::subobject ~CLUBase()
       0   NOT_Op_1_1(void *)


   Section sizes:

   Bytes  Function/Label
   -----  --------------
       4  ??DataTable0
      14  CLUNot_1_1::CLUNot_1_1()
      50  CLUNot_1_1::CLUNot_1_1(char, char)
      12  CLUNot_1_1::subobject CLUNot_1_1()
      16  CLUNot_1_1::subobject CLUNot_1_1(char, char)
      12  CLUNot_1_1::subobject ~CLUNot_1_1()
      14  CLUNot_1_1::~CLUNot_1_1()
       2  NOT_Op_1_1(void *)

 
 124 bytes in section .text
 
 124 bytes of CODE memory

Errors: none
Warnings: none
