###############################################################################
#
# IAR ANSI C/C++ Compiler V7.50.2.10312/W32 for ARM       24/Mar/2017  12:54:56
# Copyright 1999-2015 IAR Systems AB.
#
#    Cpu mode     =  thumb
#    Endian       =  little
#    Source file  =  
#        G:\emb_pj\CS_Demo\demo3\cs_pr_a\Device-2.12.x.y\working
#        files\src\menu_choose_settings_logical_nodes.c
#    Command line =  
#        "G:\emb_pj\CS_Demo\demo3\cs_pr_a\Device-2.12.x.y\working
#        files\src\menu_choose_settings_logical_nodes.c" -D
#        USE_STDPERIPH_DRIVER -D STM32F2XX -D USE_USB_OTG_FS -D KEYBOARD_VER_1
#        -D SYSTEM_VIEWER_ENABLE -lc
#        "G:\emb_pj\CS_Demo\demo3\cs_pr_a\Device-2.12.x.y\project
#        files\v.12.x.y\Flash-Debug\List" --remarks -o
#        "G:\emb_pj\CS_Demo\demo3\cs_pr_a\Device-2.12.x.y\project
#        files\v.12.x.y\Flash-Debug\Obj" --no_cse --no_unroll --no_inline
#        --no_code_motion --no_tbaa --no_clustering --no_scheduling --debug
#        --endian=little --cpu=Cortex-M3 -e --enable_multibytes --fpu=None
#        --dlib_config G:\PRG\IAR7_50_2\arm\INC\c\DLib_Config_Full.h -I
#        "G:\emb_pj\CS_Demo\demo3\cs_pr_a\Device-2.12.x.y\project
#        files\v.12.x.y\..\..\working files\inc\" -I
#        "G:\emb_pj\CS_Demo\demo3\cs_pr_a\Device-2.12.x.y\project
#        files\v.12.x.y\..\..\working files\usb\" -I
#        "G:\emb_pj\CS_Demo\demo3\cs_pr_a\Device-2.12.x.y\project
#        files\v.12.x.y\..\..\Libraries\CMSIS\Device\ST\STM32F2xx\Include\" -I
#        "G:\emb_pj\CS_Demo\demo3\cs_pr_a\Device-2.12.x.y\project
#        files\v.12.x.y\..\..\Libraries\STM32F2xx_StdPeriph_Driver\inc\" -I
#        "G:\emb_pj\CS_Demo\demo3\cs_pr_a\Device-2.12.x.y\project
#        files\v.12.x.y\..\..\Libraries\STM32_USB_OTG_Driver\inc\" -I
#        "G:\emb_pj\CS_Demo\demo3\cs_pr_a\Device-2.12.x.y\project
#        files\v.12.x.y\..\..\Libraries\STM32_USB_Device_Library\Core\inc\" -I
#        "G:\emb_pj\CS_Demo\demo3\cs_pr_a\Device-2.12.x.y\project
#        files\v.12.x.y\..\..\Libraries\STM32_USB_Device_Library\Class\cdc\inc\"
#        -I "G:\emb_pj\CS_Demo\demo3\cs_pr_a\Device-2.12.x.y\project
#        files\v.12.x.y\..\..\SystemView\Config\" -I
#        "G:\emb_pj\CS_Demo\demo3\cs_pr_a\Device-2.12.x.y\project
#        files\v.12.x.y\..\..\SystemView\OS\" -I
#        "G:\emb_pj\CS_Demo\demo3\cs_pr_a\Device-2.12.x.y\project
#        files\v.12.x.y\..\..\SystemView\SEGGER\" -On --use_c++_inline
#        --require_prototypes -I G:\PRG\IAR7_50_2\arm\CMSIS\Include\ -D
#        ARM_MATH_CM3
#    List file    =  
#        G:\emb_pj\CS_Demo\demo3\cs_pr_a\Device-2.12.x.y\project
#        files\v.12.x.y\Flash-Debug\List\menu_choose_settings_logical_nodes.lst
#    Object file  =  
#        G:\emb_pj\CS_Demo\demo3\cs_pr_a\Device-2.12.x.y\project
#        files\v.12.x.y\Flash-Debug\Obj\menu_choose_settings_logical_nodes.o
#
###############################################################################

G:\emb_pj\CS_Demo\demo3\cs_pr_a\Device-2.12.x.y\working files\src\menu_choose_settings_logical_nodes.c
      1          #include "header.h"
      2          
      3          /*****************************************************/
      4          //Формуємо екран відображення заголовків налаштувань де є тільки витримки
      5          /*****************************************************/
      6          void make_ekran_choose_delay(void)
      7          {
      8            const uint8_t name_string[MAX_NAMBER_LANGUAGE][MAX_ROW_LIST_SETTINGS_D_M2][MAX_COL_LCD + 1] = 
      9            {
     10              {
     11                " Выдержки       "
     12              },
     13              {
     14                " Витримки       "
     15              },
     16              {
     17                " Delay          "
     18              },
     19              {
     20                " Беріктік       "
     21              }
     22            };
     23            int index_language = index_language_in_array(select_struct_settings_fix()->language);
     24            
     25            unsigned int position_temp = current_state_menu2.index_position;
     26            unsigned int index_in_ekran = (position_temp >> POWER_MAX_ROW_LCD) << POWER_MAX_ROW_LCD;
     27            
     28            //Копіюємо  рядки у робочий екран
     29            for (size_t i = 0; i < MAX_ROW_LCD; i++)
     30            {
     31              for (size_t j = 0; j < MAX_COL_LCD; j++) working_ekran[i][j] = (index_in_ekran < MAX_ROW_LIST_SETTINGS_D_M2) ? name_string[index_language][index_in_ekran][j] : ' ';
     32              index_in_ekran++;
     33            }
     34          
     35            //Курсор по горизонталі відображається на першій позиції
     36            current_state_menu2.position_cursor_x = 0;
     37            //Відображення курору по вертикалі
     38            current_state_menu2.position_cursor_y = position_temp & (MAX_ROW_LCD - 1);
     39            //Курсор видимий
     40            current_state_menu2.cursor_on = 1;
     41            //Курсор не мигає
     42            current_state_menu2.cursor_blinking_on = 0;
     43            //Обновити повністю весь екран
     44            current_state_menu2.current_action = ACTION_WITH_CARRENT_EKRANE_FULL_UPDATE;
     45          }
     46          /*****************************************************/
     47          
     48          /*****************************************************/
     49          //Формуємо екран відображення заголовків налаштувань де є тільки налаштування
     50          /*****************************************************/
     51          void make_ekran_choose_control(void)
     52          {
     53            const uint8_t name_string[MAX_NAMBER_LANGUAGE][MAX_ROW_LIST_SETTINGS_C_M2][MAX_COL_LCD + 1] = 
     54            {
     55              {
     56                " Управление     "
     57              },
     58              {
     59                " Управління     "
     60              },
     61              {
     62                " Control        "
     63              },
     64              {
     65                " Баскару        "
     66              }
     67            };
     68            int index_language = index_language_in_array(select_struct_settings_fix()->language);
     69            
     70            unsigned int position_temp = current_state_menu2.index_position;
     71            unsigned int index_in_ekran = (position_temp >> POWER_MAX_ROW_LCD) << POWER_MAX_ROW_LCD;
     72            
     73            //Копіюємо  рядки у робочий екран
     74            for (size_t i = 0; i < MAX_ROW_LCD; i++)
     75            {
     76              for (size_t j = 0; j < MAX_COL_LCD; j++) working_ekran[i][j] = (index_in_ekran < MAX_ROW_LIST_SETTINGS_C_M2) ? name_string[index_language][index_in_ekran][j] : ' ';
     77              index_in_ekran++;
     78            }
     79          
     80            //Курсор по горизонталі відображається на першій позиції
     81            current_state_menu2.position_cursor_x = 0;
     82            //Відображення курору по вертикалі
     83            current_state_menu2.position_cursor_y = position_temp & (MAX_ROW_LCD - 1);
     84            //Курсор видимий
     85            current_state_menu2.cursor_on = 1;
     86            //Курсор не мигає
     87            current_state_menu2.cursor_blinking_on = 0;
     88            //Обновити повністю весь екран
     89            current_state_menu2.current_action = ACTION_WITH_CARRENT_EKRANE_FULL_UPDATE;
     90          }
     91          /*****************************************************/
     92          
     93          /*****************************************************/
     94          //Формуємо екран відображення заголовків настроювання де є витримки і управління
     95          /*****************************************************/
     96          void make_ekran_choose_delay_control(void)
     97          {
     98            const uint8_t name_string[MAX_NAMBER_LANGUAGE][MAX_ROW_LIST_SETTINGS_DC_M2][MAX_COL_LCD + 1] = 
     99            {
    100              {
    101                " Выдержки       ",
    102                " Управление     "
    103              },
    104              {
    105                " Витримки       ",
    106                " Управління     "
    107              },
    108              {
    109                " Delay          ",
    110                " Control        "
    111              },
    112              {
    113                " Беріктік       ",
    114                " Баскару        "
    115              }
    116            };
    117            int index_language = index_language_in_array(select_struct_settings_fix()->language);
    118            
    119            unsigned int position_temp = current_state_menu2.index_position;
    120            unsigned int index_in_ekran = (position_temp >> POWER_MAX_ROW_LCD) << POWER_MAX_ROW_LCD;
    121            
    122            //Копіюємо  рядки у робочий екран
    123            for (size_t i = 0; i < MAX_ROW_LCD; i++)
    124            {
    125              for (size_t j = 0; j < MAX_COL_LCD; j++) working_ekran[i][j] = (index_in_ekran < MAX_ROW_LIST_SETTINGS_DC_M2) ? name_string[index_language][index_in_ekran][j] : ' ';
    126              index_in_ekran++;
    127            }
    128          
    129            //Курсор по горизонталі відображається на першій позиції
    130            current_state_menu2.position_cursor_x = 0;
    131            //Відображення курору по вертикалі
    132            current_state_menu2.position_cursor_y = position_temp & (MAX_ROW_LCD - 1);
    133            //Курсор видимий
    134            current_state_menu2.cursor_on = 1;
    135            //Курсор не мигає
    136            current_state_menu2.cursor_blinking_on = 0;
    137            //Обновити повністю весь екран
    138            current_state_menu2.current_action = ACTION_WITH_CARRENT_EKRANE_FULL_UPDATE;
    139          }
    140          /*****************************************************/
    141          
    142          /*****************************************************/
    143          //Формуємо екран відображення заголовків настроювання де є витримки і управління
    144          /*****************************************************/
    145          void make_ekran_choose_pickup_delay_control(void)
    146          {
    147            const uint8_t name_string[MAX_NAMBER_LANGUAGE][MAX_ROW_LIST_SETTINGS_PDC_M2][MAX_COL_LCD + 1] = 
    148            {
    149              {
    150                " Уставки        ",
    151                " Выдержки       ",
    152                " Управление     "
    153              },
    154              {
    155                " Уставки        ",
    156                " Витримки       ",
    157                " Управління     "
    158              },
    159              {
    160                " Pickups        ",
    161                " Delay          ",
    162                " Control        "
    163              },
    164              {
    165                " Баскару        ",
    166                " Кyрулар        ",
    167                " Беріктік       "
    168              }
    169            };
    170            int index_language = index_language_in_array(select_struct_settings_fix()->language);
    171            
    172            unsigned int position_temp = current_state_menu2.index_position;
    173            unsigned int index_in_ekran = (position_temp >> POWER_MAX_ROW_LCD) << POWER_MAX_ROW_LCD;
    174            
    175            //Копіюємо  рядки у робочий екран
    176            for (size_t i = 0; i < MAX_ROW_LCD; i++)
    177            {
    178              for (size_t j = 0; j < MAX_COL_LCD; j++) working_ekran[i][j] = (index_in_ekran < MAX_ROW_LIST_SETTINGS_PDC_M2) ? name_string[index_language][index_in_ekran][j] : ' ';
    179              index_in_ekran++;
    180            }
    181          
    182            //Курсор по горизонталі відображається на першій позиції
    183            current_state_menu2.position_cursor_x = 0;
    184            //Відображення курору по вертикалі
    185            current_state_menu2.position_cursor_y = position_temp & (MAX_ROW_LCD - 1);
    186            //Курсор видимий
    187            current_state_menu2.cursor_on = 1;
    188            //Курсор не мигає
    189            current_state_menu2.cursor_blinking_on = 0;
    190            //Обновити повністю весь екран
    191            current_state_menu2.current_action = ACTION_WITH_CARRENT_EKRANE_FULL_UPDATE;
    192          }
    193          /*****************************************************/
    194          
    195          /*****************************************************/
    196          //
    197          /*****************************************************/
    198          /*****************************************************/

   Maximum stack usage in bytes:

   .cstack Function
   ------- --------
      88   make_ekran_choose_control
        88   -> __aeabi_memcpy4
        88   -> index_language_in_array
        88   -> select_struct_settings_fix
      88   make_ekran_choose_delay
        88   -> __aeabi_memcpy4
        88   -> index_language_in_array
        88   -> select_struct_settings_fix
     152   make_ekran_choose_delay_control
       152   -> __aeabi_memcpy4
       152   -> index_language_in_array
       152   -> select_struct_settings_fix
     224   make_ekran_choose_pickup_delay_control
       224   -> __aeabi_memcpy4
       224   -> index_language_in_array
       224   -> select_struct_settings_fix


   Section sizes:

   Bytes  Function/Label
   -----  --------------
       4  ??DataTable3
       4  ??DataTable3_1
       4  ??DataTable3_2
       4  ??DataTable3_3
       4  ??DataTable3_4
       4  ??DataTable3_5
      68  ?_0
      68  ?_1
     136  ?_2
     204  ?_3
     126  make_ekran_choose_control
     126  make_ekran_choose_delay
     126  make_ekran_choose_delay_control
     126  make_ekran_choose_pickup_delay_control

 
 476 bytes in section .rodata
 528 bytes in section .text
 
 528 bytes of CODE  memory
 476 bytes of CONST memory

Errors: none
Warnings: none
